<?xml version="1.0" encoding="UTF-8"?>
<robot generator="Robot 3.2.1 (Python 3.8.3 on win32)" generated="20200823 23:13:53.333" rpa="false">
<suite id="s1" name="Request" source="C:\development\Git_Project\Assignments\TestCases\PUT_Requests\Request.robot">
<test id="s1-t1" name="PutRequest">
<kw name="Create Session" library="RequestsLibrary">
<doc>Create Session: create a HTTP session to a server</doc>
<arguments>
<arg>mysession</arg>
<arg>${base_URL}</arg>
</arguments>
<msg timestamp="20200823 23:13:53.839" level="INFO">Creating Session using : alias=mysession, url=https://jsonplaceholder.typicode.com, headers={},                     cookies={}, auth=None, timeout=None, proxies=None, verify=False,                     debug=0 </msg>
<status status="PASS" starttime="20200823 23:13:53.838" endtime="20200823 23:13:53.839"></status>
</kw>
<kw name="Create Dictionary" library="BuiltIn">
<doc>Creates and returns a dictionary based on the given ``items``.</doc>
<arguments>
<arg>id=1</arg>
<arg>title=abc</arg>
<arg>body=xyz</arg>
<arg>userId=1</arg>
</arguments>
<assign>
<var>${body}</var>
</assign>
<msg timestamp="20200823 23:13:53.842" level="INFO">${body} = {'id': '1', 'title': 'abc', 'body': 'xyz', 'userId': '1'}</msg>
<status status="PASS" starttime="20200823 23:13:53.841" endtime="20200823 23:13:53.842"></status>
</kw>
<kw name="Create Dictionary" library="BuiltIn">
<doc>Creates and returns a dictionary based on the given ``items``.</doc>
<arguments>
<arg>Content-Type=application/json; charset=utf-8</arg>
</arguments>
<assign>
<var>${header}</var>
</assign>
<msg timestamp="20200823 23:13:53.842" level="INFO">${header} = {'Content-Type': 'application/json; charset=utf-8'}</msg>
<status status="PASS" starttime="20200823 23:13:53.842" endtime="20200823 23:13:53.842"></status>
</kw>
<kw name="Put Request" library="RequestsLibrary">
<doc>Send a PUT request on the session object found using the
given `alias`</doc>
<arguments>
<arg>mysession</arg>
<arg>/posts/1</arg>
<arg>data=${body}</arg>
<arg>headers=${header}</arg>
</arguments>
<assign>
<var>${response}</var>
</assign>
<msg timestamp="20200823 23:13:54.931" level="INFO">PUT Request : url=https://jsonplaceholder.typicode.com/posts/1 
 path_url=/posts/1 
 headers={'User-Agent': 'python-requests/2.23.0', 'Accept-Encoding': 'gzip, deflate', 'Accept': '*/*', 'Connection': 'keep-alive', 'Content-Type': 'application/json; charset=utf-8', 'Content-Length': '57'} 
 body={"id": "1", "title": "abc", "body": "xyz", "userId": "1"} 
 </msg>
<msg timestamp="20200823 23:13:54.931" level="INFO">PUT Response : url=https://jsonplaceholder.typicode.com/posts/1 
 status=200, reason=OK 
 body={
  "id": 1,
  "title": "abc",
  "body": "xyz",
  "userId": "1"
} 
 </msg>
<msg timestamp="20200823 23:13:54.931" level="INFO">c:\users\divan\appdata\local\programs\python\python38\lib\site-packages\urllib3\connectionpool.py:979: InsecureRequestWarning: Unverified HTTPS request is being made to host 'jsonplaceholder.typicode.com'. Adding certificate verification is strongly advised. See: https://urllib3.readthedocs.io/en/latest/advanced-usage.html#ssl-warnings
  warnings.warn(</msg>
<msg timestamp="20200823 23:13:54.933" level="INFO">${response} = &lt;Response [200]&gt;</msg>
<status status="PASS" starttime="20200823 23:13:53.844" endtime="20200823 23:13:54.934"></status>
</kw>
<kw name="Log To Console" library="BuiltIn">
<doc>Logs the given message to the console.</doc>
<arguments>
<arg>${response.status_code}</arg>
</arguments>
<status status="PASS" starttime="20200823 23:13:54.936" endtime="20200823 23:13:54.937"></status>
</kw>
<kw name="Convert To String" library="BuiltIn">
<doc>Converts the given item to a Unicode string.</doc>
<arguments>
<arg>${response.status_code}</arg>
</arguments>
<assign>
<var>${status_code}</var>
</assign>
<msg timestamp="20200823 23:13:54.941" level="INFO">${status_code} = 200</msg>
<status status="PASS" starttime="20200823 23:13:54.939" endtime="20200823 23:13:54.942"></status>
</kw>
<kw name="Should Be Equal" library="BuiltIn">
<doc>Fails if the given objects are unequal.</doc>
<arguments>
<arg>${status_code}</arg>
<arg>200</arg>
</arguments>
<status status="PASS" starttime="20200823 23:13:54.944" endtime="20200823 23:13:54.945"></status>
</kw>
<status status="PASS" starttime="20200823 23:13:53.834" endtime="20200823 23:13:54.956" critical="yes"></status>
</test>
<test id="s1-t2" name="Validations_UpdatedRecord">
<kw name="Create Session" library="RequestsLibrary">
<doc>Create Session: create a HTTP session to a server</doc>
<arguments>
<arg>mysession</arg>
<arg>${base_URL}</arg>
</arguments>
<msg timestamp="20200823 23:13:54.965" level="INFO">Creating Session using : alias=mysession, url=https://jsonplaceholder.typicode.com, headers={},                     cookies={}, auth=None, timeout=None, proxies=None, verify=False,                     debug=0 </msg>
<status status="PASS" starttime="20200823 23:13:54.964" endtime="20200823 23:13:54.965"></status>
</kw>
<kw name="Create Dictionary" library="BuiltIn">
<doc>Creates and returns a dictionary based on the given ``items``.</doc>
<arguments>
<arg>id=1</arg>
<arg>title=abc</arg>
<arg>body=xyz</arg>
<arg>userId=1</arg>
</arguments>
<assign>
<var>${body}</var>
</assign>
<msg timestamp="20200823 23:13:54.970" level="INFO">${body} = {'id': '1', 'title': 'abc', 'body': 'xyz', 'userId': '1'}</msg>
<status status="PASS" starttime="20200823 23:13:54.968" endtime="20200823 23:13:54.971"></status>
</kw>
<kw name="Create Dictionary" library="BuiltIn">
<doc>Creates and returns a dictionary based on the given ``items``.</doc>
<arguments>
<arg>Content-Type=application/json; charset=utf-8</arg>
</arguments>
<assign>
<var>${header}</var>
</assign>
<msg timestamp="20200823 23:13:54.973" level="INFO">${header} = {'Content-Type': 'application/json; charset=utf-8'}</msg>
<status status="PASS" starttime="20200823 23:13:54.972" endtime="20200823 23:13:54.973"></status>
</kw>
<kw name="Put Request" library="RequestsLibrary">
<doc>Send a PUT request on the session object found using the
given `alias`</doc>
<arguments>
<arg>mysession</arg>
<arg>/posts/1</arg>
<arg>data=${body}</arg>
<arg>headers=${header}</arg>
</arguments>
<assign>
<var>${response}</var>
</assign>
<msg timestamp="20200823 23:13:55.787" level="INFO">PUT Request : url=https://jsonplaceholder.typicode.com/posts/1 
 path_url=/posts/1 
 headers={'User-Agent': 'python-requests/2.23.0', 'Accept-Encoding': 'gzip, deflate', 'Accept': '*/*', 'Connection': 'keep-alive', 'Content-Type': 'application/json; charset=utf-8', 'Content-Length': '57'} 
 body={"id": "1", "title": "abc", "body": "xyz", "userId": "1"} 
 </msg>
<msg timestamp="20200823 23:13:55.787" level="INFO">PUT Response : url=https://jsonplaceholder.typicode.com/posts/1 
 status=200, reason=OK 
 body={
  "id": 1,
  "title": "abc",
  "body": "xyz",
  "userId": "1"
} 
 </msg>
<msg timestamp="20200823 23:13:55.787" level="INFO">c:\users\divan\appdata\local\programs\python\python38\lib\site-packages\urllib3\connectionpool.py:979: InsecureRequestWarning: Unverified HTTPS request is being made to host 'jsonplaceholder.typicode.com'. Adding certificate verification is strongly advised. See: https://urllib3.readthedocs.io/en/latest/advanced-usage.html#ssl-warnings
  warnings.warn(</msg>
<msg timestamp="20200823 23:13:55.790" level="INFO">${response} = &lt;Response [200]&gt;</msg>
<status status="PASS" starttime="20200823 23:13:54.976" endtime="20200823 23:13:55.790"></status>
</kw>
<kw name="Convert To String" library="BuiltIn">
<doc>Converts the given item to a Unicode string.</doc>
<arguments>
<arg>${response.content}</arg>
</arguments>
<assign>
<var>${response_body}</var>
</assign>
<msg timestamp="20200823 23:13:55.793" level="INFO">${response_body} = {
  "id": 1,
  "title": "abc",
  "body": "xyz",
  "userId": "1"
}</msg>
<status status="PASS" starttime="20200823 23:13:55.792" endtime="20200823 23:13:55.794"></status>
</kw>
<kw name="Should Contain" library="BuiltIn">
<doc>Fails if ``container`` does not contain ``item`` one or more times.</doc>
<arguments>
<arg>${response_body}</arg>
<arg>abc</arg>
</arguments>
<status status="PASS" starttime="20200823 23:13:55.795" endtime="20200823 23:13:55.797"></status>
</kw>
<status status="PASS" starttime="20200823 23:13:54.962" endtime="20200823 23:13:55.800" critical="yes"></status>
</test>
<status status="PASS" starttime="20200823 23:13:53.338" endtime="20200823 23:13:55.813"></status>
</suite>
<statistics>
<total>
<stat pass="2" fail="0">Critical Tests</stat>
<stat pass="2" fail="0">All Tests</stat>
</total>
<tag>
</tag>
<suite>
<stat pass="2" fail="0" id="s1" name="Request">Request</stat>
</suite>
</statistics>
<errors>
</errors>
</robot>
