<?xml version="1.0" encoding="UTF-8"?>
<robot generator="Robot 3.2.1 (Python 3.8.3 on win32)" generated="20200823 23:12:32.680" rpa="false">
<suite id="s1" name="Request" source="C:\development\Git_Project\Assignments\TestCases\POST_Requests\Request.robot">
<test id="s1-t1" name="CreateUser">
<kw name="Create Session" library="RequestsLibrary">
<doc>Create Session: create a HTTP session to a server</doc>
<arguments>
<arg>mysession</arg>
<arg>${base_URL}</arg>
</arguments>
<msg timestamp="20200823 23:12:32.879" level="INFO">Creating Session using : alias=mysession, url=https://jsonplaceholder.typicode.com, headers={},                     cookies={}, auth=None, timeout=None, proxies=None, verify=False,                     debug=0 </msg>
<status status="PASS" starttime="20200823 23:12:32.879" endtime="20200823 23:12:32.879"></status>
</kw>
<kw name="Create Dictionary" library="BuiltIn">
<doc>Creates and returns a dictionary based on the given ``items``.</doc>
<arguments>
<arg>title=foo</arg>
<arg>body=bar</arg>
<arg>userId=1</arg>
</arguments>
<assign>
<var>${body}</var>
</assign>
<msg timestamp="20200823 23:12:32.882" level="INFO">${body} = {'title': 'foo', 'body': 'bar', 'userId': '1'}</msg>
<status status="PASS" starttime="20200823 23:12:32.881" endtime="20200823 23:12:32.882"></status>
</kw>
<kw name="Create Dictionary" library="BuiltIn">
<doc>Creates and returns a dictionary based on the given ``items``.</doc>
<arguments>
<arg>Content-Type=application/json; charset=utf-8</arg>
</arguments>
<assign>
<var>${header}</var>
</assign>
<msg timestamp="20200823 23:12:32.883" level="INFO">${header} = {'Content-Type': 'application/json; charset=utf-8'}</msg>
<status status="PASS" starttime="20200823 23:12:32.883" endtime="20200823 23:12:32.884"></status>
</kw>
<kw name="Post Request" library="RequestsLibrary">
<doc>Send a POST request on the session object found using the
given `alias`</doc>
<arguments>
<arg>mysession</arg>
<arg>/posts</arg>
<arg>data=${body}</arg>
<arg>headers=${header}</arg>
</arguments>
<assign>
<var>${response}</var>
</assign>
<msg timestamp="20200823 23:12:33.687" level="INFO">POST Request : url=https://jsonplaceholder.typicode.com/posts 
 path_url=/posts 
 headers={'User-Agent': 'python-requests/2.23.0', 'Accept-Encoding': 'gzip, deflate', 'Accept': '*/*', 'Connection': 'keep-alive', 'Content-Type': 'application/json; charset=utf-8', 'Content-Length': '46'} 
 body={"title": "foo", "body": "bar", "userId": "1"} 
 </msg>
<msg timestamp="20200823 23:12:33.687" level="INFO">POST Response : url=https://jsonplaceholder.typicode.com/posts 
 status=201, reason=Created 
 body={
  "title": "foo",
  "body": "bar",
  "userId": "1",
  "id": 101
} 
 </msg>
<msg timestamp="20200823 23:12:33.687" level="INFO">c:\users\divan\appdata\local\programs\python\python38\lib\site-packages\urllib3\connectionpool.py:979: InsecureRequestWarning: Unverified HTTPS request is being made to host 'jsonplaceholder.typicode.com'. Adding certificate verification is strongly advised. See: https://urllib3.readthedocs.io/en/latest/advanced-usage.html#ssl-warnings
  warnings.warn(</msg>
<msg timestamp="20200823 23:12:33.690" level="INFO">${response} = &lt;Response [201]&gt;</msg>
<status status="PASS" starttime="20200823 23:12:32.884" endtime="20200823 23:12:33.691"></status>
</kw>
<kw name="Log To Console" library="BuiltIn">
<doc>Logs the given message to the console.</doc>
<arguments>
<arg>${response.status_code}</arg>
</arguments>
<status status="PASS" starttime="20200823 23:12:33.692" endtime="20200823 23:12:33.694"></status>
</kw>
<kw name="Convert To String" library="BuiltIn">
<doc>Converts the given item to a Unicode string.</doc>
<arguments>
<arg>${response.status_code}</arg>
</arguments>
<assign>
<var>${status_code}</var>
</assign>
<msg timestamp="20200823 23:12:33.699" level="INFO">${status_code} = 201</msg>
<status status="PASS" starttime="20200823 23:12:33.697" endtime="20200823 23:12:33.700"></status>
</kw>
<kw name="Should Be Equal" library="BuiltIn">
<doc>Fails if the given objects are unequal.</doc>
<arguments>
<arg>${status_code}</arg>
<arg>201</arg>
</arguments>
<status status="PASS" starttime="20200823 23:12:33.713" endtime="20200823 23:12:33.714"></status>
</kw>
<status status="PASS" starttime="20200823 23:12:32.878" endtime="20200823 23:12:33.715" critical="yes"></status>
</test>
<test id="s1-t2" name="Record_Validations">
<kw name="Create Session" library="RequestsLibrary">
<doc>Create Session: create a HTTP session to a server</doc>
<arguments>
<arg>mysession</arg>
<arg>${base_URL}</arg>
</arguments>
<msg timestamp="20200823 23:12:33.724" level="INFO">Creating Session using : alias=mysession, url=https://jsonplaceholder.typicode.com, headers={},                     cookies={}, auth=None, timeout=None, proxies=None, verify=False,                     debug=0 </msg>
<status status="PASS" starttime="20200823 23:12:33.722" endtime="20200823 23:12:33.725"></status>
</kw>
<kw name="Create Dictionary" library="BuiltIn">
<doc>Creates and returns a dictionary based on the given ``items``.</doc>
<arguments>
<arg>title=foo</arg>
<arg>body=bar</arg>
<arg>userId=1</arg>
</arguments>
<assign>
<var>${body}</var>
</assign>
<msg timestamp="20200823 23:12:33.730" level="INFO">${body} = {'title': 'foo', 'body': 'bar', 'userId': '1'}</msg>
<status status="PASS" starttime="20200823 23:12:33.728" endtime="20200823 23:12:33.730"></status>
</kw>
<kw name="Create Dictionary" library="BuiltIn">
<doc>Creates and returns a dictionary based on the given ``items``.</doc>
<arguments>
<arg>Content-Type=application/json; charset=utf-8</arg>
</arguments>
<assign>
<var>${header}</var>
</assign>
<msg timestamp="20200823 23:12:33.734" level="INFO">${header} = {'Content-Type': 'application/json; charset=utf-8'}</msg>
<status status="PASS" starttime="20200823 23:12:33.732" endtime="20200823 23:12:33.734"></status>
</kw>
<kw name="Post Request" library="RequestsLibrary">
<doc>Send a POST request on the session object found using the
given `alias`</doc>
<arguments>
<arg>mysession</arg>
<arg>/posts</arg>
<arg>data=${body}</arg>
<arg>headers=${header}</arg>
</arguments>
<assign>
<var>${response}</var>
</assign>
<msg timestamp="20200823 23:12:34.551" level="INFO">POST Request : url=https://jsonplaceholder.typicode.com/posts 
 path_url=/posts 
 headers={'User-Agent': 'python-requests/2.23.0', 'Accept-Encoding': 'gzip, deflate', 'Accept': '*/*', 'Connection': 'keep-alive', 'Content-Type': 'application/json; charset=utf-8', 'Content-Length': '46'} 
 body={"title": "foo", "body": "bar", "userId": "1"} 
 </msg>
<msg timestamp="20200823 23:12:34.555" level="INFO">POST Response : url=https://jsonplaceholder.typicode.com/posts 
 status=201, reason=Created 
 body={
  "title": "foo",
  "body": "bar",
  "userId": "1",
  "id": 101
} 
 </msg>
<msg timestamp="20200823 23:12:34.556" level="INFO">c:\users\divan\appdata\local\programs\python\python38\lib\site-packages\urllib3\connectionpool.py:979: InsecureRequestWarning: Unverified HTTPS request is being made to host 'jsonplaceholder.typicode.com'. Adding certificate verification is strongly advised. See: https://urllib3.readthedocs.io/en/latest/advanced-usage.html#ssl-warnings
  warnings.warn(</msg>
<msg timestamp="20200823 23:12:34.560" level="INFO">${response} = &lt;Response [201]&gt;</msg>
<status status="PASS" starttime="20200823 23:12:33.736" endtime="20200823 23:12:34.560"></status>
</kw>
<kw name="Convert To String" library="BuiltIn">
<doc>Converts the given item to a Unicode string.</doc>
<arguments>
<arg>${response.content}</arg>
</arguments>
<assign>
<var>${response_body}</var>
</assign>
<msg timestamp="20200823 23:12:34.572" level="INFO">${response_body} = {
  "title": "foo",
  "body": "bar",
  "userId": "1",
  "id": 101
}</msg>
<status status="PASS" starttime="20200823 23:12:34.571" endtime="20200823 23:12:34.572"></status>
</kw>
<kw name="Should Contain" library="BuiltIn">
<doc>Fails if ``container`` does not contain ``item`` one or more times.</doc>
<arguments>
<arg>${response_body}</arg>
<arg>bar</arg>
</arguments>
<status status="PASS" starttime="20200823 23:12:34.578" endtime="20200823 23:12:34.580"></status>
</kw>
<status status="PASS" starttime="20200823 23:12:33.720" endtime="20200823 23:12:34.582" critical="yes"></status>
</test>
<status status="PASS" starttime="20200823 23:12:32.682" endtime="20200823 23:12:34.585"></status>
</suite>
<statistics>
<total>
<stat pass="2" fail="0">Critical Tests</stat>
<stat pass="2" fail="0">All Tests</stat>
</total>
<tag>
</tag>
<suite>
<stat pass="2" fail="0" id="s1" name="Request">Request</stat>
</suite>
</statistics>
<errors>
</errors>
</robot>
