<?xml version="1.0" encoding="UTF-8"?>
<robot generator="Robot 3.2.1 (Python 3.8.3 on win32)" generated="20200823 23:09:40.115" rpa="false">
<suite id="s1" name="Request3" source="C:\development\Git_Project\Assignments\TestCases\GET_Requests\Request3.robot">
<test id="s1-t1" name="InvalidRequests">
<kw name="Create Session" library="RequestsLibrary">
<doc>Create Session: create a HTTP session to a server</doc>
<arguments>
<arg>mysession</arg>
<arg>${base_url}</arg>
</arguments>
<msg timestamp="20200823 23:09:40.953" level="INFO">Creating Session using : alias=mysession, url=https://jsonplaceholder.typicode.com/invalidposts, headers={},                     cookies={}, auth=None, timeout=None, proxies=None, verify=False,                     debug=0 </msg>
<status status="PASS" starttime="20200823 23:09:40.953" endtime="20200823 23:09:40.957"></status>
</kw>
<kw name="Get Request" library="RequestsLibrary">
<doc>Send a GET request on the session object found using the
given `alias`</doc>
<arguments>
<arg>mysession</arg>
<arg>/invalidposts</arg>
</arguments>
<assign>
<var>${response}</var>
</assign>
<msg timestamp="20200823 23:09:41.739" level="INFO">GET Request : url=https://jsonplaceholder.typicode.com/invalidposts/invalidposts 
 path_url=/invalidposts/invalidposts 
 headers={'User-Agent': 'python-requests/2.23.0', 'Accept-Encoding': 'gzip, deflate', 'Accept': '*/*', 'Connection': 'keep-alive'} 
 body=None 
 </msg>
<msg timestamp="20200823 23:09:41.739" level="INFO">GET Response : url=https://jsonplaceholder.typicode.com/invalidposts/invalidposts 
 status=404, reason=Not Found 
 body={} 
 </msg>
<msg timestamp="20200823 23:09:41.739" level="INFO">c:\users\divan\appdata\local\programs\python\python38\lib\site-packages\urllib3\connectionpool.py:979: InsecureRequestWarning: Unverified HTTPS request is being made to host 'jsonplaceholder.typicode.com'. Adding certificate verification is strongly advised. See: https://urllib3.readthedocs.io/en/latest/advanced-usage.html#ssl-warnings
  warnings.warn(</msg>
<msg timestamp="20200823 23:09:41.739" level="INFO">${response} = &lt;Response [404]&gt;</msg>
<status status="PASS" starttime="20200823 23:09:40.958" endtime="20200823 23:09:41.740"></status>
</kw>
<kw name="Log To Console" library="BuiltIn">
<doc>Logs the given message to the console.</doc>
<arguments>
<arg>${response.status_code}</arg>
</arguments>
<status status="PASS" starttime="20200823 23:09:41.740" endtime="20200823 23:09:41.741"></status>
</kw>
<kw name="Convert To String" library="BuiltIn">
<doc>Converts the given item to a Unicode string.</doc>
<arguments>
<arg>${response.status_code}</arg>
</arguments>
<assign>
<var>${status_code}</var>
</assign>
<msg timestamp="20200823 23:09:41.743" level="INFO">${status_code} = 404</msg>
<status status="PASS" starttime="20200823 23:09:41.742" endtime="20200823 23:09:41.743"></status>
</kw>
<kw name="Should Be Equal" library="BuiltIn">
<doc>Fails if the given objects are unequal.</doc>
<arguments>
<arg>${status_code}</arg>
<arg>404</arg>
</arguments>
<status status="PASS" starttime="20200823 23:09:41.743" endtime="20200823 23:09:41.743"></status>
</kw>
<status status="PASS" starttime="20200823 23:09:40.952" endtime="20200823 23:09:41.744" critical="yes"></status>
</test>
<status status="PASS" starttime="20200823 23:09:40.121" endtime="20200823 23:09:41.745"></status>
</suite>
<statistics>
<total>
<stat pass="1" fail="0">Critical Tests</stat>
<stat pass="1" fail="0">All Tests</stat>
</total>
<tag>
</tag>
<suite>
<stat pass="1" fail="0" id="s1" name="Request3">Request3</stat>
</suite>
</statistics>
<errors>
</errors>
</robot>
